<?xml version="1.0" encoding="UTF-8"?>
<!-- Generated by org.testng.reporters.JUnitXMLReporter -->
<testsuite ignored="0" hostname="LAPTOP-7VQQRKDB" failures="0" tests="1" name="Test-Chrome" time="19.484" errors="0" timestamp="2024-01-09T11:36:47 IST">
  <testcase classname="ContactsTests.CreateContactWithLeadSourceTest" name="CreateContactWithLead" time="9.011"/>
</testsuite> <!-- Test-Chrome -->
