<?xml version="1.0" encoding="UTF-8"?>
<!-- Generated by org.testng.reporters.JUnitXMLReporter -->
<testsuite ignored="0" hostname="LAPTOP-7VQQRKDB" failures="0" tests="1" name="Test-Edge" time="18.144" errors="0" timestamp="2024-01-09T11:36:45 IST">
  <testcase classname="ContactsTests.CreateContactTest" name="CreateContactWithMandatoryInfo" time="9.713"/>
</testsuite> <!-- Test-Edge -->
