<?xml version="1.0" encoding="UTF-8"?>
<!-- Generated by org.testng.reporters.JUnitXMLReporter -->
<testsuite ignored="0" hostname="LAPTOP-7VQQRKDB" failures="0" tests="1" name="Test-Runner-1" time="34.1" errors="0" timestamp="2024-01-09T10:55:24 IST">
  <testcase classname="ContactsTests.CreateContactTest" name="CreateContactWithMandatoryInfo" time="19.365"/>
</testsuite> <!-- Test-Runner-1 -->
