<?xml version="1.0" encoding="UTF-8"?>
<!-- Generated by org.testng.reporters.JUnitXMLReporter -->
<testsuite ignored="0" hostname="LAPTOP-7VQQRKDB" failures="0" tests="1" name="Test-Runner-2" time="34.856" errors="0" timestamp="2024-01-09T10:55:25 IST">
  <testcase classname="ContactsTests.CreateContactWithLeadSourceTest" name="CreateContactWithLead" time="18.896"/>
</testsuite> <!-- Test-Runner-2 -->
