<?xml version="1.0" encoding="UTF-8"?>
<!-- Generated by org.testng.reporters.JUnitReportReporter -->
<testsuite hostname="LAPTOP-7VQQRKDB" failures="0" tests="3" name="FrameworkPractice.TestNGPractice" time="0.010" errors="0" timestamp="2024-01-04T10:25:02 IST" skipped="0">
  <testcase classname="FrameworkPractice.TestNGPractice" name="deleteCustomer" time="0.001"/>
  <system-out/>
  <testcase classname="FrameworkPractice.TestNGPractice" name="modifyCustomer" time="0.002"/>
  <system-out/>
  <testcase classname="FrameworkPractice.TestNGPractice" name="createCustomer" time="0.007"/>
  <system-out/>
</testsuite> <!-- FrameworkPractice.TestNGPractice -->
