<?xml version="1.0" encoding="UTF-8"?>
<!-- Generated by org.testng.reporters.JUnitReportReporter -->
<testsuite hostname="LAPTOP-7VQQRKDB" failures="0" tests="1" name="ContactsTests.CreateContactWithLeadSourceTest" time="24.298" errors="0" timestamp="2024-01-16T10:21:02 IST" skipped="0">
  <testcase classname="ContactsTests.CreateContactWithLeadSourceTest" name="CreateContactWithLead" time="24.298"/>
</testsuite> <!-- ContactsTests.CreateContactWithLeadSourceTest -->
